<?xml version="1.0" encoding="utf-8" standalone="no"?>
<!--This file represents the results of running a test suite-->
<test-results name="C:\Users\Dan\Documents\Visual Studio 2013\Projects\NUnitPractice1\NUnitPractice1\bin\Debug\NUnitPractice1.exe" total="2" errors="0" failures="0" not-run="1" inconclusive="0" ignored="1" skipped="0" invalid="0" date="2015-03-18" time="15:58:00">
  <environment nunit-version="2.6.4.14350" clr-version="2.0.50727.5485" os-version="Microsoft Windows NT 6.1.7601 Service Pack 1" platform="Win32NT" cwd="C:\Program Files (x86)\NUnit 2.6.4\bin" machine-name="DAN-PC" user="Dan" user-domain="Dan-PC" />
  <culture-info current-culture="en-GB" current-uiculture="en-US" />
  <test-suite type="Assembly" name="C:\Users\Dan\Documents\Visual Studio 2013\Projects\NUnitPractice1\NUnitPractice1\bin\Debug\NUnitPractice1.exe" executed="True" result="Success" success="True" time="0.106" asserts="0">
    <results>
      <test-suite type="Namespace" name="Bank" executed="True" result="Success" success="True" time="0.084" asserts="0">
        <results>
          <test-suite type="TestFixture" name="AccountTest" executed="True" result="Success" success="True" time="0.080" asserts="0">
            <results>
              <test-case name="Bank.AccountTest.TransferFunds" executed="True" result="Success" success="True" time="0.049" asserts="2" />
              <test-case name="Bank.AccountTest.TransferWithInsufficientFunds" executed="True" result="Success" success="True" time="0.006" asserts="0" />
              <test-case name="Bank.AccountTest.TransferWithInsufficientFundsAtomicity" executed="False" result="Ignored">
                <reason>
                  <message><![CDATA[Decide how to implement transaction management]]></message>
                </reason>
              </test-case>
            </results>
          </test-suite>
        </results>
      </test-suite>
    </results>
  </test-suite>
</test-results>